<?xml version="1.0" encoding="UTF-8"?>
<testng-results skipped="0" failed="0" ignored="0" total="1" passed="1">
  <reporter-output>
  </reporter-output>
  <suite name="Default suite" duration-ms="8002" started-at="2019-11-15T20:41:41Z" finished-at="2019-11-15T20:41:49Z">
    <groups>
    </groups>
    <test name="Default test" duration-ms="8002" started-at="2019-11-15T20:41:41Z" finished-at="2019-11-15T20:41:49Z">
      <class name="FreeCRMtest">
        <test-method status="PASS" signature="ExtentReport()[pri:0, instance:FreeCRMtest@26653222]" name="ExtentReport" is-config="true" duration-ms="179" started-at="2019-11-16T00:41:41Z" finished-at="2019-11-16T00:41:41Z">
          <reporter-output>
          </reporter-output>
        </test-method> <!-- ExtentReport -->
        <test-method status="PASS" signature="Setup()[pri:0, instance:FreeCRMtest@26653222]" name="Setup" is-config="true" duration-ms="7767" started-at="2019-11-16T00:41:41Z" finished-at="2019-11-16T00:41:49Z">
          <reporter-output>
          </reporter-output>
        </test-method> <!-- Setup -->
        <test-method status="PASS" signature="FreeCRMtitleTest()[pri:0, instance:FreeCRMtest@26653222]" name="FreeCRMtitleTest" duration-ms="21" started-at="2019-11-16T00:41:49Z" finished-at="2019-11-16T00:41:49Z">
          <reporter-output>
          </reporter-output>
        </test-method> <!-- FreeCRMtitleTest -->
        <test-method status="FAIL" signature="tearDown(org.testng.ITestResult)[pri:0, instance:FreeCRMtest@26653222]" name="tearDown" is-config="true" duration-ms="5" started-at="2019-11-16T00:41:49Z" finished-at="2019-11-16T00:41:49Z">
          <params>
            <param index="0">
              <value>
                <![CDATA[[TestResult name=FreeCRMtitleTest status=SUCCESS method=FreeCRMtest.FreeCRMtitleTest()[pri:0, instance:FreeCRMtest@26653222] output={null}]]]>
              </value>
            </param>
          </params>
          <exception class="java.lang.NullPointerException">
            <full-stacktrace>
              <![CDATA[java.lang.NullPointerException
	at FreeCRMtest.tearDown(FreeCRMtest.java:87)
	at sun.reflect.NativeMethodAccessorImpl.invoke0(Native Method)
	at sun.reflect.NativeMethodAccessorImpl.invoke(Unknown Source)
	at sun.reflect.DelegatingMethodAccessorImpl.invoke(Unknown Source)
	at java.lang.reflect.Method.invoke(Unknown Source)
	at org.testng.internal.MethodInvocationHelper.invokeMethod(MethodInvocationHelper.java:108)
	at org.testng.internal.Invoker.invokeConfigurationMethod(Invoker.java:523)
	at org.testng.internal.Invoker.invokeConfigurations(Invoker.java:224)
	at org.testng.internal.Invoker.invokeMethod(Invoker.java:723)
	at org.testng.internal.Invoker.invokeTestMethod(Invoker.java:869)
	at org.testng.internal.Invoker.invokeTestMethods(Invoker.java:1193)
	at org.testng.internal.TestMethodWorker.invokeTestMethods(TestMethodWorker.java:126)
	at org.testng.internal.TestMethodWorker.run(TestMethodWorker.java:109)
	at org.testng.TestRunner.privateRun(TestRunner.java:744)
	at org.testng.TestRunner.run(TestRunner.java:602)
	at org.testng.SuiteRunner.runTest(SuiteRunner.java:380)
	at org.testng.SuiteRunner.runSequentially(SuiteRunner.java:375)
	at org.testng.SuiteRunner.privateRun(SuiteRunner.java:340)
	at org.testng.SuiteRunner.run(SuiteRunner.java:289)
	at org.testng.SuiteRunnerWorker.runSuite(SuiteRunnerWorker.java:52)
	at org.testng.SuiteRunnerWorker.run(SuiteRunnerWorker.java:86)
	at org.testng.TestNG.runSuitesSequentially(TestNG.java:1301)
	at org.testng.TestNG.runSuitesLocally(TestNG.java:1226)
	at org.testng.TestNG.runSuites(TestNG.java:1144)
	at org.testng.TestNG.run(TestNG.java:1115)
	at org.testng.remote.AbstractRemoteTestNG.run(AbstractRemoteTestNG.java:114)
	at org.testng.remote.RemoteTestNG.initAndRun(RemoteTestNG.java:251)
	at org.testng.remote.RemoteTestNG.main(RemoteTestNG.java:77)
]]>
            </full-stacktrace>
          </exception> <!-- java.lang.NullPointerException -->
          <reporter-output>
          </reporter-output>
        </test-method> <!-- tearDown -->
        <test-method status="SKIP" signature="endReport()[pri:0, instance:FreeCRMtest@26653222]" name="endReport" is-config="true" duration-ms="0" started-at="2019-11-16T00:41:49Z" finished-at="2019-11-16T00:41:49Z">
          <reporter-output>
          </reporter-output>
        </test-method> <!-- endReport -->
      </class> <!-- FreeCRMtest -->
    </test> <!-- Default test -->
  </suite> <!-- Default suite -->
</testng-results>
